android/build/outputs/mapping/release/seeds.txt
com.tanks_2d.ClientNetWork.RouterSM
com.tanks_2d.ClientNetWork.Network$PleyerPositionNom
com.tanks_2d.ClientNetWork.Client_new_Thred
com.tanks_2d.ClientNetWork.NetworkPacketStock
com.tanks_2d.ClientNetWork.Network$Param_mess
com.tanks_2d.ClientNetWork.ClientThread
com.tanks_2d.ClientNetWork.Network
com.tanks_2d.ClientNetWork.Network$StockMessInClient
com.tanks_2d.ClientNetWork.Network$PleyerPosition
com.tanks_2d.ClientNetWork.MainClient$2
com.tanks_2d.AndroidLauncher
com.tanks_2d.ClientNetWork.ServiceClient
com.tanks_2d.ClientNetWork.MainClient$1
com.tanks_2d.ClientNetWork.Network$statusPlayer
com.tanks_2d.ClientNetWork.Network$GivePlayerParameters
com.tanks_2d.ClientNetWork.Network$Frag
com.tanks_2d.ClientNetWork.MainClient
com.tanks_2d.ClientNetWork.PacketModel
com.tanks_2d.ClientNetWork.Heading_type
com.tanks_2d.ClientNetWork.Network$StockMessInClient: float p3
com.tanks_2d.ClientNetWork.Client_new_Thred: com.tanks_2d.MainGame mainGame
com.tanks_2d.ClientNetWork.Heading_type: int PARAMETERS_MATH
com.tanks_2d.ClientNetWork.Network$StockMessInClient: java.lang.String textM
com.tanks_2d.ClientNetWork.Heading_type: int DEATH_TANK
com.tanks_2d.ClientNetWork.NetworkPacketStock: com.esotericsoftware.kryonet.Client client
com.tanks_2d.ClientNetWork.Network$PleyerPosition: float yp
com.tanks_2d.ClientNetWork.Network: int tcpPort
com.tanks_2d.ClientNetWork.Heading_type: int IN_MENU
com.tanks_2d.ClientNetWork.Heading_type: java.lang.String DEFULT_NAME
com.tanks_2d.ClientNetWork.Heading_type: int DISCONECT_PLAYER
com.tanks_2d.ClientNetWork.Heading_type: int PLAY_GAME
com.tanks_2d.ClientNetWork.RouterSM: com.badlogic.gdx.math.Vector2 position
com.tanks_2d.ClientNetWork.Network$StockMessInClient: int tip
com.tanks_2d.ClientNetWork.MainClient: float coonection
com.tanks_2d.ClientNetWork.RouterSM: com.badlogic.gdx.math.Vector2 velocity
com.tanks_2d.ClientNetWork.MainClient$1: com.tanks_2d.ClientNetWork.MainClient this$0
com.tanks_2d.ClientNetWork.Heading_type: float SHOT_LIFETIME
com.tanks_2d.ClientNetWork.Heading_type: int PARAMETERS_COMMAND
com.tanks_2d.ClientNetWork.MainClient$2: com.tanks_2d.ClientNetWork.MainClient this$0
com.tanks_2d.ClientNetWork.Network$StockMessInClient: float p4
com.tanks_2d.ClientNetWork.Heading_type: int CHANGE_THE_SCREEN
com.tanks_2d.ClientNetWork.Heading_type: int LIFE_TANK
com.tanks_2d.ClientNetWork.MainClient: com.tanks_2d.ClientNetWork.RouterSM routerSM
com.tanks_2d.ClientNetWork.Network$Param_mess: float parm2
com.tanks_2d.ClientNetWork.ClientThread: com.esotericsoftware.kryonet.Client client
com.tanks_2d.ClientNetWork.Network$PleyerPosition: float xp
com.tanks_2d.ClientNetWork.Network$Param_mess: float parm4
com.tanks_2d.ClientNetWork.Heading_type: int SPEED_BULLET
com.tanks_2d.ClientNetWork.Heading_type: int PARAMETERS_MAP
com.tanks_2d.ClientNetWork.Heading_type: int MY_NIK
com.tanks_2d.ClientNetWork.Heading_type: int IN_GAME
com.tanks_2d.ClientNetWork.Heading_type: int PARAMETERS_PLAYER
com.tanks_2d.ClientNetWork.Heading_type: int HP_PLAYER
com.tanks_2d.ClientNetWork.NetworkPacketStock: boolean required_to_send_tooken
com.tanks_2d.ClientNetWork.Heading_type: int MY_COMMAND
com.tanks_2d.ClientNetWork.Heading_type: java.util.HashMap domen
com.tanks_2d.ClientNetWork.Network: java.lang.String host
com.tanks_2d.ClientNetWork.Heading_type: int BUTTON_STARTGAME
com.tanks_2d.ClientNetWork.Heading_type: int CLICK_BOTON_START
com.tanks_2d.ClientNetWork.Network$statusPlayer: int idPlayer
com.tanks_2d.ClientNetWork.Network$Param_mess: java.lang.String text_messege
com.tanks_2d.ClientNetWork.MainClient: int myIdConnect
com.tanks_2d.ClientNetWork.Heading_type: int BLUE_COMMAND
com.tanks_2d.ClientNetWork.RouterSM: com.badlogic.gdx.math.Vector2 positionTemp
com.tanks_2d.ClientNetWork.Network$GivePlayerParameters: java.lang.String nik
com.tanks_2d.ClientNetWork.MainClient: java.util.HashMap frameUpdates
com.tanks_2d.ClientNetWork.Network$Param_mess: float parm3
...
com.badlogic.gdx.scenes.scene2d.ui.Skin$2: com.badlogic.gdx.scenes.scene2d.ui.Skin this$0
com.badlogic.gdx.graphics.g3d.particles.ParticleController: float DEFAULT_TIME_STEP
com.badlogic.gdx.graphics.g2d.BitmapFont$Glyph: int width
com.badlogic.gdx.utils.IntIntMap: com.badlogic.gdx.utils.IntIntMap$Entries entries2
com.badlogic.gdx.graphics.g2d.RepeatablePolygonSprite: com.badlogic.gdx.utils.Array parts
com.badlogic.gdx.graphics.glutils.ShaderProgram: java.lang.String COLOR_ATTRIBUTE
com.badlogic.gdx.input.GestureDetector$VelocityTracker: long lastTime
com.badlogic.gdx.input.RemoteSender: int TOUCH_UP
com.badlogic.gdx.scenes.scene2d.ui.TextField$TextFieldStyle: com.badlogic.gdx.graphics.Color fontColor
com.badlogic.gdx.assets.loaders.BitmapFontLoader: com.badlogic.gdx.graphics.g2d.BitmapFont$BitmapFontData data
com.badlogic.gdx.graphics.g3d.decals.SimpleOrthoGroupStrategy: int GROUP_OPAQUE
com.badlogic.gdx.scenes.scene2d.ui.Cell: java.lang.Float fillX
com.badlogic.gdx.utils.ComparableTimSort: int[] runLen
com.badlogic.gdx.graphics.g3d.particles.ParticleChannels: com.badlogic.gdx.graphics.g3d.particles.ParallelArray$ChannelDescriptor AngularVelocity3D
com.badlogic.gdx.graphics.GL30: int GL_RGBA8_SNORM
com.badlogic.gdx.graphics.g2d.Batch: int X4
com.badlogic.gdx.utils.IntArray: int[] items
com.esotericsoftware.kryonet.Server: java.nio.channels.ServerSocketChannel serverChannel
com.badlogic.gdx.Input$Peripheral: com.badlogic.gdx.Input$Peripheral Compass
com.badlogic.gdx.utils.ArrayMap$Entries: int index
com.badlogic.gdx.graphics.g2d.BitmapFontCache: int[] idx
com.badlogic.gdx.Input$Keys: int CALL
com.badlogic.gdx.graphics.g2d.TextureAtlas$TextureAtlasData$Region: float offsetX
com.badlogic.gdx.utils.JsonValue$PrettyPrintSettings: boolean wrapNumericArrays
com.badlogic.gdx.scenes.scene2d.ui.Cell: java.lang.Float zerof
com.esotericsoftware.kryo.serializers.CollectionSerializer: java.lang.Class genericType
com.badlogic.gdx.graphics.GL20: int GL_STENCIL_BACK_FAIL
com.badlogic.gdx.graphics.g3d.decals.Decal: com.badlogic.gdx.math.Vector2 dimensions
com.badlogic.gdx.utils.compression.Lzma$CommandLine: boolean Eos
com.badlogic.gdx.backends.android.AndroidLiveWallpaper: com.badlogic.gdx.backends.android.AndroidFiles files
com.badlogic.gdx.maps.tiled.BaseTmxMapLoader: int FLAG_FLIP_HORIZONTALLY
com.esotericsoftware.kryo.serializers.FieldSerializer$CachedField: boolean varIntsEnabled
com.badlogic.gdx.net.HttpStatus: int SC_GONE
com.badlogic.gdx.scenes.scene2d.ui.Widget: boolean fillParent
com.badlogic.gdx.graphics.g3d.particles.batches.BillboardParticleBatch: int GPU_VERTEX_SIZE
com.badlogic.gdx.graphics.VertexAttribute: int usage
com.badlogic.gdx.utils.Bits: long[] bits
com.badlogic.gdx.math.Intersector: com.badlogic.gdx.math.Vector2 v2a
com.badlogic.gdx.scenes.scene2d.ui.Slider$SliderStyle: com.badlogic.gdx.scenes.scene2d.utils.Drawable knobBeforeOver
com.badlogic.gdx.graphics.g3d.particles.values.GradientColorValue: float[] temp
com.badlogic.gdx.utils.JsonValue: java.lang.String name
com.badlogic.gdx.utils.ObjectMap: com.badlogic.gdx.utils.ObjectMap$Keys keys1
com.badlogic.gdx.graphics.g2d.TextureAtlas$AtlasSprite: com.badlogic.gdx.graphics.g2d.TextureAtlas$AtlasRegion region
com.badlogic.gdx.graphics.GL30: int GL_MAJOR_VERSION
com.badlogic.gdx.utils.JsonValue: java.lang.String stringValue
com.badlogic.gdx.graphics.g3d.shaders.DefaultShader: int pointLightsIntensityOffset
com.badlogic.gdx.math.Interpolation$Pow: int power
com.esotericsoftware.reflectasm.shaded.org.objectweb.asm.Edge: com.esotericsoftware.reflectasm.shaded.org.objectweb.asm.Edge c
com.badlogic.gdx.graphics.glutils.VertexBufferObjectWithVAO: boolean isStatic
com.esotericsoftware.reflectasm.shaded.org.objectweb.asm.Opcodes: int DUP2_X2
com.badlogic.gdx.input.RemoteInput$TouchEvent: int TOUCH_DRAGGED
com.esotericsoftware.kryo.Generics: java.util.Map typeVar2class
com.badlogic.gdx.graphics.GL30: int GL_MAP_FLUSH_EXPLICIT_BIT