android/build/outputs/mapping/release/usage.txt
com.tanks_2d.Assets.AssetsManagerGame:
    public com.badlogic.gdx.assets.AssetManager getAssetManager()
    public float getProgress(com.badlogic.gdx.assets.AssetManager)
    public final com.badlogic.gdx.assets.AssetManager unloadAllAsset(com.badlogic.gdx.assets.AssetManager)
com.tanks_2d.AudioEngine.AudioEngine:
    java.util.concurrent.ConcurrentHashMap stepCounter
    public static void Mute(boolean)
    private static float countVolmeDistantion(com.badlogic.gdx.math.Vector2,com.badlogic.gdx.math.Vector2)
    public java.lang.Long getIdTrack()
    public void pleySoundKickStick()
    public void pleySoundKickStick(float)
    public void pley_pip_1()
com.tanks_2d.BuildConfig
com.tanks_2d.CameraGame:
    private com.badlogic.gdx.math.Vector2 speed
    public void setCamera(com.badlogic.gdx.graphics.OrthographicCamera)
    public void updateCamera()
    public void zoomCamera()
com.tanks_2d.Locations.Collision.BoxCollision:
    com.badlogic.gdx.math.Vector2 get_vector2_from_center(int,int)
com.tanks_2d.Locations.Collision.CircleCollision:
    public void <init>(float,float,float)
    com.badlogic.gdx.math.Vector2 get_vector2_from_center(int,int)
com.tanks_2d.Locations.GameSpace:
    private com.badlogic.gdx.graphics.OrthographicCamera camera
    com.badlogic.gdx.graphics.glutils.ShapeRenderer shapeRenderer
    public boolean checkMapBorders(float,float)
    public boolean checkMapBorders(com.badlogic.gdx.math.Vector2)
    public boolean checkObstacles(com.badlogic.gdx.math.Vector2)
    private void createShape()
    public void dispouseMap()
    public com.badlogic.gdx.graphics.OrthographicCamera getCamera()
    public int getHideLocation()
    public static java.lang.String getMapDesetrt()
    public com.badlogic.gdx.maps.MapLayer getObstacles()
    public int getWidthLocation()
    public boolean inPointLocation(com.badlogic.gdx.math.Vector2)
com.tanks_2d.Locations.MapsList:
    public static java.lang.String getMapForServer()
    public static java.lang.String getMapForServer(java.lang.String)
com.tanks_2d.Locations.UtilsLighting.Constants
com.tanks_2d.Locations.UtilsLighting.b2d.LightBuilder
com.tanks_2d.MainGame:
    public static final int HEIGHT_SCREEN
    public static final int STATUS_GAME_GAMEPLAY
    public static final int STATUS_GAME_MENU
    public static final int STATUS_GAME_PAUSE
    public static final int WIDTH_SCREEN
    private com.tanks_2d.adMod.AdAds adMod
    public java.lang.String tokken
    private void count_edges_screen()
    public float getHb()
    public float getHu()
    public static boolean isANDROID()
    public void switchingFromGameMenu()
    public void transitionScreenGameToMenu()
com.tanks_2d.ParticleEffect.Explosion_Death:
    public void setKefm(float)
com.tanks_2d.ParticleEffect.Garbage:
    public float getRot()
com.tanks_2d.ParticleEffect.ParticalShootFlash
com.tanks_2d.ParticleEffect.ParticleCustum:
    java.util.ArrayDeque pasricalGarbage
    com.tanks_2d.ParticleEffect.StereoSmoke.Point_of_fire point_of_fire
    public void addParticalsSmoke(int,float,float,int)
    public void addParticalsSmokeStereo(float,float,float,boolean)
    public void addPasricalExplosion(float,float,float)
    public void addPasricalExplosionDeath(float,float)
    public void rander_Falling_element(com.badlogic.gdx.graphics.g2d.SpriteBatch,float)
    private void rander_pasricalExplosions()
    private void rander_pasricalExplosionsBigParam()
    public void rander_smoke_element(com.badlogic.gdx.graphics.g2d.SpriteBatch,float)
com.tanks_2d.ParticleEffect.ParticleSmoke:
    public void setTime_life(int)
...
org.objenesis.Objenesis
org.objenesis.ObjenesisBase
org.objenesis.ObjenesisException
org.objenesis.ObjenesisHelper
org.objenesis.ObjenesisSerializer
org.objenesis.ObjenesisStd
org.objenesis.instantiator.SerializationInstantiatorHelper
org.objenesis.instantiator.android.Android10Instantiator
org.objenesis.instantiator.android.Android17Instantiator
org.objenesis.instantiator.android.Android18Instantiator
org.objenesis.instantiator.android.AndroidSerializationInstantiator
org.objenesis.instantiator.basic.AccessibleInstantiator
org.objenesis.instantiator.basic.ConstructorInstantiator
org.objenesis.instantiator.basic.FailingInstantiator
org.objenesis.instantiator.basic.NewInstanceInstantiator
org.objenesis.instantiator.basic.NullInstantiator
org.objenesis.instantiator.basic.ObjectInputStreamInstantiator$MockStream
org.objenesis.instantiator.basic.ObjectInputStreamInstantiator
org.objenesis.instantiator.basic.ObjectStreamClassInstantiator
org.objenesis.instantiator.gcj.GCJInstantiator
org.objenesis.instantiator.gcj.GCJInstantiatorBase$DummyStream
org.objenesis.instantiator.gcj.GCJInstantiatorBase
org.objenesis.instantiator.gcj.GCJSerializationInstantiator
org.objenesis.instantiator.jrockit.JRockitLegacyInstantiator
org.objenesis.instantiator.perc.PercInstantiator
org.objenesis.instantiator.perc.PercSerializationInstantiator
org.objenesis.instantiator.sun.SunReflectionFactoryHelper
org.objenesis.instantiator.sun.SunReflectionFactoryInstantiator
org.objenesis.instantiator.sun.SunReflectionFactorySerializationInstantiator
org.objenesis.instantiator.sun.UnsafeFactoryInstantiator
org.objenesis.strategy.BaseInstantiatorStrategy
org.objenesis.strategy.PlatformDescription
org.objenesis.strategy.SerializingInstantiatorStrategy
org.objenesis.strategy.SingleInstantiatorStrategy
org.objenesis.strategy.StdInstantiatorStrategy